ERROR 2026-03-01 06:19:24,019 views Error loading dashboard: no such column: core_department.description
INFO 2026-03-01 06:19:33,545 services Routing MRI to Radiology
ERROR 2026-03-01 06:19:33,553 services Error in auto_route: no such column: core_department.description
ERROR 2026-03-01 06:19:33,554 views Error creating request: no such column: core_department.description
ERROR 2026-03-01 06:19:36,940 views Error loading dashboard: no such column: core_department.description
INFO 2026-03-01 06:19:50,496 services Emergency priority detected - routing to Emergency department
ERROR 2026-03-01 06:19:50,501 services Error in auto_route: no such column: core_department.description
ERROR 2026-03-01 06:19:50,502 views Error creating request: no such column: core_department.description
ERROR 2026-03-01 06:19:53,747 views Error loading dashboard: no such column: core_department.description
ERROR 2026-03-01 06:55:52,654 views Error loading dashboard: no such column: core_department.description
ERROR 2026-03-01 06:55:57,997 views Error loading dashboard: no such column: core_department.description
ERROR 2026-03-01 06:56:06,661 views Error creating request: no such column: core_department.description
ERROR 2026-03-01 06:56:09,630 views Error loading dashboard: no such column: core_department.description
INFO 2026-03-01 07:00:00,777 views Dashboard loaded - 3 requests, 13 departments
ERROR 2026-03-01 07:00:00,851 views Error loading dashboard: Reverse for 'timeline' not found. 'timeline' is not a valid view function or pattern name.
INFO 2026-03-01 07:00:14,731 views New request created: 6 - Lukman - MRI
INFO 2026-03-01 07:00:14,770 views Dashboard loaded - 4 requests, 13 departments
ERROR 2026-03-01 07:00:14,777 views Error loading dashboard: Reverse for 'timeline' not found. 'timeline' is not a valid view function or pattern name.
INFO 2026-03-01 07:05:09,452 views Dashboard loaded - 4 requests, 13 departments
INFO 2026-03-01 07:05:22,943 views Dashboard loaded - 4 requests, 13 departments
INFO 2026-03-01 07:20:16,555 views Dashboard loaded - 4 requests, 13 departments
INFO 2026-03-01 07:21:13,181 views Dashboard loaded - 0 requests, 13 departments
INFO 2026-03-01 07:21:39,689 views New request created: 7 - Lukman - MRI
INFO 2026-03-01 07:21:39,708 views Dashboard loaded - 1 requests, 13 departments
INFO 2026-03-01 07:21:50,159 views Dashboard loaded - 1 requests, 13 departments
INFO 2026-03-01 07:22:04,431 views Dashboard loaded - 1 requests, 13 departments
INFO 2026-03-01 07:22:24,139 views New request created: 8 - Thameam - MRI
INFO 2026-03-01 07:22:24,156 views Dashboard loaded - 2 requests, 13 departments
INFO 2026-03-01 07:22:47,670 views New request created: 9 - Affan - MRI
INFO 2026-03-01 07:22:47,700 views Dashboard loaded - 3 requests, 13 departments
INFO 2026-03-01 07:23:02,773 views Dashboard loaded - 3 requests, 13 departments
INFO 2026-03-01 07:28:53,095 views Dashboard loaded - 3 requests, 13 departments
INFO 2026-03-01 07:35:23,666 views Dashboard loaded - 3 requests, 13 departments
INFO 2026-03-01 07:35:36,764 views Dashboard loaded - 3 requests, 13 departments
INFO 2026-03-01 07:41:16,541 views Dashboard loaded - 3 requests, 13 departments
INFO 2026-03-01 07:43:13,030 views Request 9 transferred to Billing department
INFO 2026-03-01 07:43:13,055 views Dashboard loaded - 3 requests, 13 departments
INFO 2026-03-01 07:45:47,659 views New request created: 10 - Faizan - MRI
INFO 2026-03-01 07:45:47,688 views Dashboard loaded - 4 requests, 13 departments
INFO 2026-03-01 07:55:13,355 views Dashboard loaded - 4 requests, 13 departments
INFO 2026-03-01 07:57:35,550 views Dashboard loaded - 4 requests, 13 departments
WARNING 2026-03-01 07:58:01,320 check_sla Request 7 auto-escalated: SLA breached 1.0h ago
INFO 2026-03-01 07:59:47,175 views Dashboard loaded - 4 requests, 13 departments
INFO 2026-03-01 08:03:12,590 views Dashboard loaded - 4 requests, 13 departments
INFO 2026-03-01 08:07:23,206 views Dashboard loaded - 4 requests, 13 departments
INFO 2026-03-01 14:09:31,161 views Dashboard loaded - 4 requests, 13 departments
INFO 2026-03-01 14:10:19,388 views New request created: 11 - Sharath - General Checkup
INFO 2026-03-01 14:10:19,496 views Dashboard loaded - 5 requests, 13 departments
INFO 2026-03-01 14:10:39,374 views Request 11 status updated: Assigned -> In Progress
INFO 2026-03-01 14:10:39,494 views Dashboard loaded - 5 requests, 13 departments
INFO 2026-03-01 14:17:19,947 views Request 7 status updated: In Progress -> Completed
INFO 2026-03-01 14:17:19,969 views Request 7 transferred to Billing department
INFO 2026-03-01 14:17:20,135 views Dashboard loaded - 5 requests, 13 departments
INFO 2026-03-01 14:20:27,840 views Request 7 status updated: Assigned -> Closed
INFO 2026-03-01 14:20:27,848 views Department Billing load decreased to 1
INFO 2026-03-01 14:20:28,300 views Dashboard loaded - 5 requests, 13 departments
INFO 2026-03-01 14:24:33,223 views Dashboard loaded - 5 requests, 13 departments
INFO 2026-03-01 14:25:00,771 views New request created: 12 - Kavi - MRI
INFO 2026-03-01 14:25:00,908 views Dashboard loaded - 6 requests, 13 departments
INFO 2026-03-01 14:25:23,658 views New request created: 13 - Arvind - MRI
INFO 2026-03-01 14:25:23,792 views Dashboard loaded - 7 requests, 13 departments
INFO 2026-03-01 14:28:02,185 views Dashboard loaded - 7 requests, 13 departments
INFO 2026-03-01 14:29:57,290 views Dashboard loaded - 7 requests, 13 departments
INFO 2026-03-01 14:47:17,928 views Dashboard loaded - 7 requests, 13 departments
